===============================================================
Gobuster v3.1.0
by OJ Reeves (@TheColonial) & Christian Mehlmauer (@firefart)
===============================================================
[+] Url:                     http://10.10.57.226
[+] Method:                  GET
[+] Threads:                 10
[+] Wordlist:                /usr/share/dirbuster/wordlists/directory-list-lowercase-2.3-medium.txt
[+] Negative Status codes:   404
[+] User Agent:              gobuster/3.1.0
[+] Timeout:                 10s
===============================================================
2021/07/06 19:23:27 Starting gobuster in directory enumeration mode
===============================================================
/admin                (Status: 301) [Size: 312] [--> http://10.10.57.226/admin/]
/etc                  (Status: 301) [Size: 310] [--> http://10.10.57.226/etc/]  
/server-status        (Status: 403) [Size: 277]                                 
===============================================================
2021/07/06 20:02:46 Finished
===============================================================
